{
  "RSpec": {
    "coverage": {
      "/home/jmervine/Development/newrelic_data/lib/newrelic_data.rb": [
        1,
        1,
        1,
        1,
        1,
        1,
        null,
        null,
        null,
        1,
        null,
        null,
        1,
        null,
        null,
        1,
        null,
        null,
        1,
        null,
        null,
        1,
        null,
        null,
        1,
        null,
        null,
        1,
        null,
        null,
        1,
        null,
        null,
        null,
        null,
        null,
        1,
        null,
        null,
        1,
        null,
        null,
        null,
        1,
        6,
        6,
        null,
        null,
        null,
        null,
        null,
        null,
        null,
        null,
        null,
        null,
        null,
        null,
        null,
        null,
        null,
        null,
        null,
        null,
        null,
        null,
        null,
        null,
        null,
        1,
        6,
        14,
        null,
        null,
        null,
        null,
        1,
        7,
        null,
        2,
        null,
        2,
        null,
        2,
        null,
        1,
        null,
        null,
        null,
        null,
        1,
        9,
        9,
        null,
        null,
        null,
        null,
        1,
        10,
        10,
        null,
        null,
        null,
        1,
        12,
        11,
        null,
        null,
        null,
        1,
        13,
        null,
        null,
        null,
        1,
        23,
        null,
        null,
        null,
        1,
        2,
        1,
        null,
        null,
        1,
        7,
        7,
        2,
        2,
        null,
        5,
        5,
        null,
        7,
        null,
        null,
        null,
        1,
        12,
        11,
        null,
        null,
        null,
        null,
        null,
        null,
        1,
        21,
        null,
        null,
        null,
        null,
        null,
        null,
        null,
        null,
        null,
        null,
        null,
        null,
        1,
        34,
        null,
        null,
        1,
        7,
        7,
        null,
        null,
        null,
        1,
        11,
        11,
        66,
        11,
        11,
        null,
        null,
        55,
        null,
        null,
        11,
        null,
        null,
        null,
        1,
        6,
        null,
        null,
        null,
        1,
        1,
        null,
        null,
        null,
        null,
        null,
        null,
        1,
        null,
        null,
        1,
        23,
        null,
        1,
        null,
        null
      ]
    },
    "timestamp": 1344289673
  }
}
